{
  "RSpec": {
    "coverage": {
      "/Users/EddieShin/ga_wdi/projects/viddy_o/Viddy-O/lib/tasks/testing.rake": [
        1,
        1,
        1,
        0,
        0,
        0,
        0,
        null,
        null,
        null,
        null,
        1,
        1,
        1,
        0,
        0,
        0,
        null,
        null,
        null,
        1,
        1,
        1,
        0,
        null,
        null
      ],
      "/Users/EddieShin/ga_wdi/projects/viddy_o/Viddy-O/config/environment.rb": [
        null,
        1,
        null,
        null,
        1
      ],
      "/Users/EddieShin/ga_wdi/projects/viddy_o/Viddy-O/config/environments/test.rb": [
        1,
        null,
        null,
        null,
        null,
        null,
        null,
        1,
        null,
        null,
        1,
        1,
        null,
        null,
        1,
        null,
        null,
        1,
        1,
        null,
        null,
        1,
        null,
        null,
        1,
        null,
        null,
        null,
        null,
        1,
        null,
        null,
        1,
        null,
        null,
        1,
        null
      ],
      "/Users/EddieShin/ga_wdi/projects/viddy_o/Viddy-O/config/initializers/backtrace_silencers.rb": [
        null,
        null,
        null,
        null,
        null,
        null,
        null
      ],
      "/Users/EddieShin/ga_wdi/projects/viddy_o/Viddy-O/config/initializers/inflections.rb": [
        null,
        null,
        null,
        null,
        null,
        null,
        null,
        null,
        null,
        null,
        null,
        null,
        null,
        null,
        null
      ],
      "/Users/EddieShin/ga_wdi/projects/viddy_o/Viddy-O/config/initializers/instagram.rb": [
        1,
        null,
        1,
        1,
        1,
        null
      ],
      "/Users/EddieShin/ga_wdi/projects/viddy_o/Viddy-O/config/initializers/mime_types.rb": [
        null,
        null,
        null,
        null,
        null
      ],
      "/Users/EddieShin/ga_wdi/projects/viddy_o/Viddy-O/config/initializers/secret_token.rb": [
        null,
        null,
        null,
        null,
        null,
        null,
        1
      ],
      "/Users/EddieShin/ga_wdi/projects/viddy_o/Viddy-O/config/initializers/session_store.rb": [
        null,
        null,
        1,
        null,
        null,
        null,
        null,
        null
      ],
      "/Users/EddieShin/ga_wdi/projects/viddy_o/Viddy-O/config/initializers/wrap_parameters.rb": [
        null,
        null,
        null,
        null,
        null,
        null,
        1,
        0,
        null,
        null,
        null,
        1,
        1,
        null
      ],
      "/Users/EddieShin/ga_wdi/projects/viddy_o/Viddy-O/config/routes.rb": [
        1,
        1,
        null,
        1,
        1,
        1,
        null,
        null,
        null,
        null,
        null,
        null,
        null,
        null,
        null,
        null,
        null,
        null,
        null,
        null,
        null,
        null,
        null,
        null,
        null,
        null,
        null,
        null,
        null,
        null,
        null,
        null,
        null,
        null,
        null,
        null,
        null,
        null,
        null,
        null,
        null,
        null,
        null,
        null,
        null,
        null,
        null,
        null,
        null,
        null,
        null,
        null,
        null,
        null,
        null,
        null,
        null,
        null,
        null,
        null,
        null,
        null,
        null,
        null
      ],
      "/Users/EddieShin/ga_wdi/projects/viddy_o/Viddy-O/db/migrate/20131212170700_create_users.rb": [
        1,
        1,
        1,
        1,
        1,
        1,
        null,
        1,
        null,
        null,
        null
      ],
      "/Users/EddieShin/ga_wdi/projects/viddy_o/Viddy-O/db/migrate/20131212170746_create_compilations.rb": [
        1,
        1,
        1,
        1,
        null,
        1,
        null,
        null,
        null
      ],
      "/Users/EddieShin/ga_wdi/projects/viddy_o/Viddy-O/db/migrate/20131212171043_create_videos.rb": [
        1,
        1,
        1,
        1,
        1,
        1,
        null,
        1,
        null,
        null,
        null
      ]
    },
    "timestamp": 1387322794
  }
}
